<?xml version="1.0" encoding="UTF-8"?>
<!-- Generated by org.testng.reporters.JUnitReportReporter -->
<testsuite name="pkg01.sampleFactory" tests="4" time="0.004" ignored="0" failures="0" timestamp="08 Jun 2017 06:05:37 GMT" skipped="0" hostname="PTPLL325" errors="0">
  <testcase name="testCase1" time="0.004" classname="pkg01.sampleFactory"/>
  <testcase name="testCase2" time="0.000" classname="pkg01.sampleFactory"/>
  <testcase name="testCase2" time="0.000" classname="pkg01.sampleFactory"/>
  <testcase name="testCase1" time="0.000" classname="pkg01.sampleFactory"/>
</testsuite> <!-- pkg01.sampleFactory -->
