<?xml version="1.0" encoding="UTF-8"?>
<!-- Generated by org.testng.reporters.JUnitReportReporter -->
<testsuite skipped="0" hostname="PTPLL325" name="com.java.project.SampleClass" tests="1" failures="0" timestamp="27 Dec 2016 07:08:54 GMT" time="0.015" errors="0">
  <testcase name="test1" time="0.015" classname="com.java.project.SampleClass"/>
</testsuite> <!-- com.java.project.SampleClass -->
