<?xml version="1.0" encoding="UTF-8"?>
<!-- Generated by org.testng.reporters.JUnitReportReporter -->
<testsuite skipped="0" hostname="PTPLL325" name="pkg01.KeyWordDriven" tests="2" failures="0" timestamp="2 Dec 2016 06:14:23 GMT" time="0.000" errors="0">
  <testcase name="f" time="0.000" classname="pkg01.KeyWordDriven"/>
  <testcase name="f" time="0.000" classname="pkg01.KeyWordDriven"/>
</testsuite> <!-- pkg01.KeyWordDriven -->
