<?xml version="1.0" encoding="UTF-8"?>
<!-- Generated by org.testng.reporters.JUnitReportReporter -->
<testsuite name="com.sample.testng.SuiteSample1" tests="5" time="0.054" ignored="6" failures="0" timestamp="01 Jun 2017 07:14:24 GMT" skipped="0" hostname="PTPLL325" errors="0">
  <testcase name="testCase2" time="0.008" classname="com.sample.testng.SuiteSample1"/>
  <testcase name="testCase3" time="0.020" classname="com.sample.testng.SuiteSample1"/>
  <testcase name="testCase3" time="0.001" classname="com.sample.testng.SuiteSample1"/>
  <testcase name="testCase3" time="0.003" classname="com.sample.testng.SuiteSample1"/>
  <testcase name="testCase1" time="0.022" classname="com.sample.testng.SuiteSample1"/>
  <testcase name="testCase2" classname="com.sample.testng.SuiteSample1">
    <skipped/>
  </testcase> <!-- testCase2 -->
  <testcase name="testCase2" classname="com.sample.testng.SuiteSample1">
    <skipped/>
  </testcase> <!-- testCase2 -->
  <testcase name="testCase1" classname="com.sample.testng.SuiteSample1">
    <skipped/>
  </testcase> <!-- testCase1 -->
  <testcase name="testCase1" classname="com.sample.testng.SuiteSample1">
    <skipped/>
  </testcase> <!-- testCase1 -->
  <testcase name="testCase2" classname="com.sample.testng.SuiteSample2">
    <skipped/>
  </testcase> <!-- testCase2 -->
  <testcase name="testCase1" classname="com.sample.testng.SuiteSample2">
    <skipped/>
  </testcase> <!-- testCase1 -->
</testsuite> <!-- com.sample.testng.SuiteSample1 -->
