<?xml version="1.0" encoding="UTF-8"?>
<!-- Generated by org.testng.reporters.JUnitReportReporter -->
<testsuite hostname="PTPLL325" name="pkg01.Class01" tests="1" failures="0" timestamp="30 Sep 2016 12:43:02 GMT" time="0.074" errors="0">
  <testcase name="test1" time="0.074" classname="pkg01.Class01"/>
</testsuite> <!-- pkg01.Class01 -->
